d:\kiis\c++oop\lab5nnew\project1\project1\x64\debug\vc143.pdb
d:\kiis\c++oop\lab5nnew\project1\project1\x64\debug\vc143.idb
d:\kiis\c++oop\lab5nnew\project1\project1\x64\debug\source.obj
d:\kiis\c++oop\lab5nnew\project1\project1\x64\debug\keyboard.obj
d:\kiis\c++oop\lab5nnew\project1\project1\x64\debug\inputdevice.obj
d:\kiis\c++oop\lab5nnew\project1\project1\x64\debug\harddrive.obj
d:\kiis\c++oop\lab5nnew\project1\project1\x64\debug\device.obj
d:\kiis\c++oop\lab5nnew\project1\project1\x64\debug\computer.obj
d:\kiis\c++oop\lab5nnew\project1\project1\x64\debug\mouse.obj
d:\kiis\c++oop\lab5nnew\project1\project1\x64\debug\monitor.obj
d:\kiis\c++oop\lab5nnew\project1\x64\debug\project1.exe
d:\kiis\c++oop\lab5nnew\project1\project1\x64\debug\project1.ilk
d:\kiis\c++oop\lab5nnew\project1\x64\debug\project1.pdb
d:\kiis\c++oop\lab5nnew\project1\project1\x64\debug\project1.tlog\cl.command.1.tlog
d:\kiis\c++oop\lab5nnew\project1\project1\x64\debug\project1.tlog\cl.items.tlog
d:\kiis\c++oop\lab5nnew\project1\project1\x64\debug\project1.tlog\cl.read.1.tlog
d:\kiis\c++oop\lab5nnew\project1\project1\x64\debug\project1.tlog\cl.write.1.tlog
d:\kiis\c++oop\lab5nnew\project1\project1\x64\debug\project1.tlog\link.command.1.tlog
d:\kiis\c++oop\lab5nnew\project1\project1\x64\debug\project1.tlog\link.read.1.tlog
d:\kiis\c++oop\lab5nnew\project1\project1\x64\debug\project1.tlog\link.write.1.tlog
